<?xml version="1.0" encoding="UTF-8" ?>
<testsuite tests="1" failures="0" name="com.mojita.core.SimpleTest" time="0" errors="0" skipped="0">
  <properties>
    <property name="java.runtime.name" value="Java(TM) SE Runtime Environment"/>
    <property name="sun.boot.library.path" value="C:\Program Files\Java\jdk1.8.0_291\jre\bin"/>
    <property name="java.vm.version" value="25.291-b10"/>
    <property name="java.vm.vendor" value="Oracle Corporation"/>
    <property name="maven.multiModuleProjectDirectory" value="D:\myproject\distributed-kv"/>
    <property name="java.vendor.url" value="http://java.oracle.com/"/>
    <property name="path.separator" value=";"/>
    <property name="guice.disable.misplaced.annotation.check" value="true"/>
    <property name="java.vm.name" value="Java HotSpot(TM) 64-Bit Server VM"/>
    <property name="file.encoding.pkg" value="sun.io"/>
    <property name="user.script" value=""/>
    <property name="user.country" value="CN"/>
    <property name="sun.java.launcher" value="SUN_STANDARD"/>
    <property name="sun.os.patch.level" value=""/>
    <property name="java.vm.specification.name" value="Java Virtual Machine Specification"/>
    <property name="user.dir" value="D:\myproject\distributed-kv"/>
    <property name="java.runtime.version" value="1.8.0_291-b10"/>
    <property name="java.awt.graphicsenv" value="sun.awt.Win32GraphicsEnvironment"/>
    <property name="java.endorsed.dirs" value="C:\Program Files\Java\jdk1.8.0_291\jre\lib\endorsed"/>
    <property name="os.arch" value="amd64"/>
    <property name="java.io.tmpdir" value="C:\Users\mojita\AppData\Local\Temp\"/>
    <property name="line.separator" value="
"/>
    <property name="java.vm.specification.vendor" value="Oracle Corporation"/>
    <property name="user.variant" value=""/>
    <property name="os.name" value="Windows 10"/>
    <property name="classworlds.conf" value="D:\apache-maven-3.8.1\bin\..\bin\m2.conf"/>
    <property name="sun.jnu.encoding" value="GBK"/>
    <property name="java.library.path" value="C:\Program Files\Java\jdk1.8.0_291\bin;C:\Windows\Sun\Java\bin;C:\Windows\system32;C:\Windows;D:\NVIDIA_GPU_ToolKit\bin;D:\NVIDIA_GPU_ToolKit\libnvvp;D:\vm\bin\;C:\Program Files\Java\jdk1.8.0_291\bin;C:\Windows\system32;C:\Windows;C:\Windows\System32\Wbem;C:\Windows\System32\WindowsPowerShell\v1.0\;C:\Windows\System32\OpenSSH\;C:\Program Files (x86)\NVIDIA Corporation\PhysX\Common;C:\Program Files\NVIDIA Corporation\NVIDIA NvDLISR;D;\软件\xftp\;D:\Git\cmd;C:\Program Files (x86)\VanDyke Software\Clients\;D:\apache-maven-3.8.1\bin;D:\svn\bin;C:\Program Files\Asiainfo Security\AisEsmAgent\atom_plugins\base_plugin;C:\Windows\RCC-Interface;C:\Program Files\NVIDIA Corporation\Nsight Compute 2022.4.0\;D:\nvm\nvm;D:\nvm\nodejs;D:\python2.7;D:\python2.7\Scripts;C:\Program Files\dotnet\;D:\apache-maven-3.8.1\bin;D:\graalvm-jdk-17.0.12\bin;E:\Windows Kits\10\Windows Performance Toolkit\;E:\Windows Kits\10\Include\10.0.22621.0\shared;E:\Windows Kits\10\Include\10.0.22621.0\ucrt;E:\Windows Kits\10\Include\10.0.22621.0\um;E:\visual-studio\community\VC\Tools\MSVC\14.41.34120\lib\x64;;c:\Users\mojita\AppData\Local\Programs\cursor\resources\app\bin;C:\Users\mojita\AppData\Local\Programs\Python\Python37-32\Scripts\;C:\Users\mojita\AppData\Local\Programs\Python\Python37-32\;C:\Users\mojita\AppData\Local\Microsoft\WindowsApps;C:\Program Files (x86)\VanDyke Software\Clients\;C:\Users\mojita\AppData\Roaming\npm;D:\Microsoft VS Code\bin;D:\nvm\nvm;D:\nvm\nodejs;D:\python2.7;D:\python2.7\Scripts;D:\graalvm-jdk-17.0.12\bin;E:\Windows Kits\10\Include\10.0.22621.0\ucrt;E:\Windows Kits\10\Include\10.0.22621.0\shared;E:\Windows Kits\10\Include\10.0.22621.0\um;E:\visual-studio\community\VC\Tools\MSVC\14.41.34120\lib\x64;C:\Users\mojita\AppData\Local\Programs\cursor\resources\app\bin;."/>
    <property name="maven.conf" value="D:\apache-maven-3.8.1\bin\../conf"/>
    <property name="java.specification.name" value="Java Platform API Specification"/>
    <property name="java.class.version" value="52.0"/>
    <property name="sun.management.compiler" value="HotSpot 64-Bit Tiered Compilers"/>
    <property name="os.version" value="10.0"/>
    <property name="library.jansi.path" value="D:\apache-maven-3.8.1\bin\..\lib\jansi-native"/>
    <property name="user.home" value="C:\Users\mojita"/>
    <property name="user.timezone" value="Asia/Shanghai"/>
    <property name="java.awt.printerjob" value="sun.awt.windows.WPrinterJob"/>
    <property name="java.specification.version" value="1.8"/>
    <property name="file.encoding" value="GBK"/>
    <property name="user.name" value="mojita"/>
    <property name="java.class.path" value="D:\apache-maven-3.8.1\bin\..\boot\plexus-classworlds-2.6.0.jar"/>
    <property name="java.vm.specification.version" value="1.8"/>
    <property name="sun.arch.data.model" value="64"/>
    <property name="java.home" value="C:\Program Files\Java\jdk1.8.0_291\jre"/>
    <property name="sun.java.command" value="org.codehaus.plexus.classworlds.launcher.Launcher -s D:\.m2\settings-dataos-yw.xml test -f d:\myproject\distributed-kv\sky\sky-styly\dkv-core\pom.xml"/>
    <property name="java.specification.vendor" value="Oracle Corporation"/>
    <property name="user.language" value="zh"/>
    <property name="awt.toolkit" value="sun.awt.windows.WToolkit"/>
    <property name="java.vm.info" value="mixed mode"/>
    <property name="java.version" value="1.8.0_291"/>
    <property name="java.ext.dirs" value="C:\Program Files\Java\jdk1.8.0_291\jre\lib\ext;C:\Windows\Sun\Java\lib\ext"/>
    <property name="sun.boot.class.path" value="C:\Program Files\Java\jdk1.8.0_291\jre\lib\resources.jar;C:\Program Files\Java\jdk1.8.0_291\jre\lib\rt.jar;C:\Program Files\Java\jdk1.8.0_291\jre\lib\sunrsasign.jar;C:\Program Files\Java\jdk1.8.0_291\jre\lib\jsse.jar;C:\Program Files\Java\jdk1.8.0_291\jre\lib\jce.jar;C:\Program Files\Java\jdk1.8.0_291\jre\lib\charsets.jar;C:\Program Files\Java\jdk1.8.0_291\jre\lib\jfr.jar;C:\Program Files\Java\jdk1.8.0_291\jre\classes"/>
    <property name="sun.stderr.encoding" value="ms936"/>
    <property name="java.vendor" value="Oracle Corporation"/>
    <property name="maven.home" value="D:\apache-maven-3.8.1\bin\.."/>
    <property name="file.separator" value="\"/>
    <property name="java.vendor.url.bug" value="http://bugreport.sun.com/bugreport/"/>
    <property name="sun.cpu.endian" value="little"/>
    <property name="sun.io.unicode.encoding" value="UnicodeLittle"/>
    <property name="sun.stdout.encoding" value="ms936"/>
    <property name="sun.desktop" value="windows"/>
    <property name="sun.cpu.isalist" value="amd64"/>
  </properties>
  <testcase classname="com.mojita.core.SimpleTest" name="com.mojita.core.SimpleTest.testSimple" time="0"/>
</testsuite>